12-02-22Y 11:43:31 | [[31merror[39m]: failed to create post, error: notNull Violation: post.title cannot be null,
notNull Violation: post.content cannot be null,
notNull Violation: post.aurthor cannot be null
12-02-22Y 11:45:06 | [[31merror[39m]: failed to create post, error: notNull Violation: post.title cannot be null,
notNull Violation: post.content cannot be null,
notNull Violation: post.aurthor cannot be null
12-02-22Y 11:45:36 | [[31merror[39m]: failed to create post, error: SequelizeValidationError: notNull Violation: post.title cannot be null,
notNull Violation: post.content cannot be null,
notNull Violation: post.aurthor cannot be null
12-02-22Y 11:45:54 | [[31merror[39m]: failed to create post
12-02-22Y 11:56:46 | [[31merror[39m]: failed to create post
12-02-22Y 11:56:47 | [[31merror[39m]: failed to get post of given index
12-02-22Y 11:56:47 | [[31merror[39m]: failed to delete post
12-02-22Y 11:58:04 | [[31merror[39m]: failed to create post
12-02-22Y 11:58:05 | [[31merror[39m]: failed to delete post
12-02-22Y 11:59:52 | [[31merror[39m]: failed to create post
12-02-22Y 11:59:52 | [[31merror[39m]: failed to get post of given index
12-02-22Y 11:59:52 | [[31merror[39m]: failed to delete post
12-02-22Y 12:01:17 | [[31merror[39m]: failed to create post
12-02-22Y 12:01:18 | [[31merror[39m]: failed to get post of given index
12-02-22Y 12:01:18 | [[31merror[39m]: failed to delete post
12-02-22Y 12:01:39 | [[31merror[39m]: failed to create post
12-02-22Y 12:01:39 | [[31merror[39m]: failed to get post of given index
12-02-22Y 12:01:39 | [[31merror[39m]: failed to delete post
12-02-22Y 12:06:02 | [[31merror[39m]: failed to create post
12-02-22Y 12:06:03 | [[31merror[39m]: failed to get post of given index
12-02-22Y 12:06:03 | [[31merror[39m]: failed to delete post
12-02-22Y 12:07:11 | [[31merror[39m]: failed to create post
12-02-22Y 12:07:12 | [[31merror[39m]: failed to get post of given index
12-02-22Y 12:07:12 | [[31merror[39m]: failed to delete post
12-02-22Y 12:09:01 | [[31merror[39m]: failed to create post
12-02-22Y 12:09:01 | [[31merror[39m]: failed to get post of given index
12-02-22Y 12:09:01 | [[31merror[39m]: failed to delete post
12-02-22Y 21:26:24 | [[31merror[39m]: failed to create post
12-02-22Y 21:26:24 | [[31merror[39m]: failed to get post of given index
12-02-22Y 21:26:24 | [[31merror[39m]: failed to delete post
12-02-22Y 21:27:16 | [[31merror[39m]: failed to create user
12-02-22Y 21:27:17 | [[31merror[39m]: failed to create post
12-02-22Y 21:27:17 | [[31merror[39m]: failed to get post of given index
12-02-22Y 21:27:17 | [[31merror[39m]: failed to delete post
12-02-22Y 21:28:10 | [[31merror[39m]: failed to create user
12-02-22Y 21:28:10 | [[31merror[39m]: this email already eixsts
12-02-22Y 21:28:10 | [[31merror[39m]: failed to create post
12-02-22Y 21:28:10 | [[31merror[39m]: failed to get post of given index
12-02-22Y 21:28:10 | [[31merror[39m]: failed to delete post
12-02-22Y 21:29:49 | [[31merror[39m]: failed to create user
12-02-22Y 21:29:49 | [[31merror[39m]: this email already eixsts
12-02-22Y 21:29:49 | [[31merror[39m]: failed to create post
12-02-22Y 21:29:49 | [[31merror[39m]: failed to get post of given index
12-02-22Y 21:29:49 | [[31merror[39m]: failed to delete post
12-02-22Y 21:31:58 | [[31merror[39m]: failed to create user
12-02-22Y 21:31:58 | [[31merror[39m]: failed to hash password
12-02-22Y 21:31:58 | [[31merror[39m]: failed to create post
12-02-22Y 21:31:58 | [[31merror[39m]: failed to get post of given index
12-02-22Y 21:31:58 | [[31merror[39m]: failed to delete post
12-02-22Y 21:33:26 | [[31merror[39m]: failed to create user
12-02-22Y 21:33:26 | [[31merror[39m]: this email already eixsts
12-02-22Y 21:33:26 | [[31merror[39m]: failed to hash password
12-02-22Y 21:33:26 | [[31merror[39m]: failed to create post
12-02-22Y 21:33:26 | [[31merror[39m]: failed to get post of given index
12-02-22Y 21:33:26 | [[31merror[39m]: failed to delete post
12-02-22Y 21:35:19 | [[31merror[39m]: failed to create user
12-02-22Y 21:35:19 | [[31merror[39m]: this email already eixsts
12-02-22Y 21:35:19 | [[31merror[39m]: failed to hash password
12-02-22Y 21:35:19 | [[31merror[39m]: failed to create user
12-02-22Y 21:35:19 | [[31merror[39m]: failed to create post
12-02-22Y 21:35:19 | [[31merror[39m]: failed to get post of given index
12-02-22Y 21:35:19 | [[31merror[39m]: failed to delete post
12-02-22Y 21:36:05 :: [[31merror[39m]:: failed to create user
12-02-22Y 21:36:05 :: [[31merror[39m]:: this email already eixsts
12-02-22Y 21:36:05 :: [[31merror[39m]:: failed to hash password
12-02-22Y 21:36:05 :: [[31merror[39m]:: failed to create user
12-02-22Y 21:36:05 :: [[31merror[39m]:: failed to create post
12-02-22Y 21:36:05 :: [[31merror[39m]:: failed to get post of given index
12-02-22Y 21:36:05 :: [[31merror[39m]:: failed to delete post
12-02-22Y 21:36:21 __ [[31merror[39m]:: failed to create user
12-02-22Y 21:36:21 __ [[31merror[39m]:: this email already eixsts
12-02-22Y 21:36:21 __ [[31merror[39m]:: failed to hash password
12-02-22Y 21:36:21 __ [[31merror[39m]:: failed to create user
12-02-22Y 21:36:22 __ [[31merror[39m]:: failed to create post
12-02-22Y 21:36:22 __ [[31merror[39m]:: failed to get post of given index
12-02-22Y 21:36:22 __ [[31merror[39m]:: failed to delete post
12-02-22Y 21:36:39:[[31merror[39m]__ failed to create user
12-02-22Y 21:36:39:[[31merror[39m]__ this email already eixsts
12-02-22Y 21:36:39:[[31merror[39m]__ failed to hash password
12-02-22Y 21:36:39:[[31merror[39m]__ failed to create user
12-02-22Y 21:36:39:[[31merror[39m]__ failed to create post
12-02-22Y 21:36:39:[[31merror[39m]__ failed to get post of given index
12-02-22Y 21:36:39:[[31merror[39m]__ failed to delete post
12-02-22Y 21:36:58 : [31merror[39m__ failed to create user
12-02-22Y 21:36:58 : [31merror[39m__ this email already eixsts
12-02-22Y 21:36:58 : [31merror[39m__ failed to hash password
12-02-22Y 21:36:58 : [31merror[39m__ failed to create user
12-02-22Y 21:36:58 : [31merror[39m__ failed to create post
12-02-22Y 21:36:58 : [31merror[39m__ failed to get post of given index
12-02-22Y 21:36:58 : [31merror[39m__ failed to delete post
12-02-22Y 21:37:57 | [[31merror[39m] : failed to create user
12-02-22Y 21:37:57 | [[31merror[39m] : this email already eixsts
12-02-22Y 21:37:57 | [[31merror[39m] : failed to hash password
12-02-22Y 21:37:57 | [[31merror[39m] : failed to create user
12-02-22Y 21:37:58 | [[31merror[39m] : failed to create post
12-02-22Y 21:37:58 | [[31merror[39m] : failed to get post of given index
12-02-22Y 21:37:58 | [[31merror[39m] : failed to delete post
[[31merror[39m] : failed to create user
[[31merror[39m] : this email already eixsts
[[31merror[39m] : failed to hash password
[[31merror[39m] : failed to create user
[[31merror[39m] : failed to create post
[[31merror[39m] : failed to get post of given index
[[31merror[39m] : failed to delete post
12-02-22Y 21:39:21 | [[31merror[39m] : failed to create user
12-02-22Y 21:39:21 | [[31merror[39m] : this email already eixsts
12-02-22Y 21:39:21 | [[31merror[39m] : failed to hash password
12-02-22Y 21:39:21 | [[31merror[39m] : failed to create user
12-02-22Y 21:39:21 | [[31merror[39m] : failed to create post
12-02-22Y 21:39:21 | [[31merror[39m] : failed to get post of given index
12-02-22Y 21:39:21 | [[31merror[39m] : failed to delete post
12-02-22Y 21:40:58 | [[31merror[39m] : failed to create user
12-02-22Y 21:40:58 | [[31merror[39m] : this email already eixsts
12-02-22Y 21:40:58 | [[31merror[39m] : failed to hash password
12-02-22Y 21:40:58 | [[31merror[39m] : failed to create user
12-02-22Y 21:40:59 | [[31merror[39m] : failed to create post
12-02-22Y 21:40:59 | [[31merror[39m] : failed to get post of given index
12-02-22Y 21:40:59 | [[31merror[39m] : failed to delete post
12-02-22Y 21:44:20 | [[31merror[39m] : failed to create user
12-02-22Y 21:44:20 | [[31merror[39m] : this email already eixsts
12-02-22Y 21:44:20 | [[31merror[39m] : failed to hash password
12-02-22Y 21:44:20 | [[31merror[39m] : failed to create user
12-02-22Y 21:44:20 | [[31merror[39m] : failed to create post
12-02-22Y 21:44:20 | [[31merror[39m] : failed to get post of given index
12-02-22Y 21:44:20 | [[31merror[39m] : failed to delete post
12-02-22Y 21:45:27 | [[31merror[39m] : failed to create user
12-02-22Y 21:45:28 | [[31merror[39m] : this email already eixsts
12-02-22Y 21:45:28 | [[31merror[39m] : failed to hash password
12-02-22Y 21:45:28 | [[31merror[39m] : failed to create user
12-02-22Y 21:45:28 | [[31merror[39m] : the email: wrong@gmail.com doesn't exist
12-02-22Y 21:45:28 | [[31merror[39m] : failed to create post
12-02-22Y 21:45:28 | [[31merror[39m] : failed to get post of given index
12-02-22Y 21:45:28 | [[31merror[39m] : failed to delete post
12-02-22Y 21:45:42 | [[31merror[39m] : failed to create user
12-02-22Y 21:45:42 | [[31merror[39m] : this email already eixsts
12-02-22Y 21:45:42 | [[31merror[39m] : failed to hash password
12-02-22Y 21:45:42 | [[31merror[39m] : failed to create user
12-02-22Y 21:45:42 | [[31merror[39m] : the email: wrong@gmail.com doesn't exist
12-02-22Y 21:45:42 | [[31merror[39m] : failed to create post
12-02-22Y 21:45:42 | [[31merror[39m] : failed to get post of given index
12-02-22Y 21:45:42 | [[31merror[39m] : failed to delete post
12-02-22Y 21:46:30 | [[31merror[39m] : failed to create user
12-02-22Y 21:46:30 | [[31merror[39m] : this email already eixsts
12-02-22Y 21:46:30 | [[31merror[39m] : failed to hash password
12-02-22Y 21:46:30 | [[31merror[39m] : failed to create user
12-02-22Y 21:46:30 | [[31merror[39m] : the email: wrong@gmail.com doesn't exist
12-02-22Y 21:46:31 | [[31merror[39m] : auth failed
12-02-22Y 21:46:31 | [[31merror[39m] : failed to create post
12-02-22Y 21:46:31 | [[31merror[39m] : failed to get post of given index
12-02-22Y 21:46:31 | [[31merror[39m] : failed to delete post
12-02-22Y 21:47:28 | [[31merror[39m] : failed to create user
12-02-22Y 21:47:28 | [[31merror[39m] : this email already eixsts
12-02-22Y 21:47:28 | [[31merror[39m] : failed to hash password
12-02-22Y 21:47:28 | [[31merror[39m] : failed to create user
12-02-22Y 21:47:28 | [[31merror[39m] : the email: wrong@gmail.com doesn't exist
12-02-22Y 21:47:28 | [[31merror[39m] : auth failed completely
12-02-22Y 21:47:28 | [[31merror[39m] : failed to create post
12-02-22Y 21:47:28 | [[31merror[39m] : failed to get post of given index
12-02-22Y 21:47:28 | [[31merror[39m] : failed to delete post
12-02-22Y 21:48:06 | [[31merror[39m] : failed to create user
12-02-22Y 21:48:06 | [[31merror[39m] : this email already eixsts
12-02-22Y 21:48:06 | [[31merror[39m] : failed to hash password
12-02-22Y 21:48:06 | [[31merror[39m] : failed to create user
12-02-22Y 21:48:06 | [[31merror[39m] : the email: wrong@gmail.com doesn't exist
12-02-22Y 21:48:06 | [[31merror[39m] : auth failed completely error: undefined
12-02-22Y 21:48:06 | [[31merror[39m] : failed to create post
12-02-22Y 21:48:06 | [[31merror[39m] : failed to get post of given index
12-02-22Y 21:48:06 | [[31merror[39m] : failed to delete post
12-02-22Y 21:48:24 | [[31merror[39m] : failed to create user
12-02-22Y 21:48:24 | [[31merror[39m] : this email already eixsts
12-02-22Y 21:48:24 | [[31merror[39m] : failed to hash password
12-02-22Y 21:48:24 | [[31merror[39m] : failed to create user
12-02-22Y 21:48:24 | [[31merror[39m] : the email: wrong@gmail.com doesn't exist
12-02-22Y 21:48:24 | [[31merror[39m] : failed to create post
12-02-22Y 21:48:24 | [[31merror[39m] : failed to get post of given index
12-02-22Y 21:48:24 | [[31merror[39m] : failed to delete post
12-02-22Y 21:49:07 | [[31merror[39m] : failed to create user
12-02-22Y 21:49:07 | [[31merror[39m] : this email already eixsts
12-02-22Y 21:49:07 | [[31merror[39m] : failed to hash password
12-02-22Y 21:49:07 | [[31merror[39m] : failed to create user
12-02-22Y 21:49:07 | [[31merror[39m] : the email: wrong@gmail.com doesn't exist
12-02-22Y 21:49:07 | [[31merror[39m] : auth failed
12-02-22Y 21:49:07 | [[31merror[39m] : failed to create post
12-02-22Y 21:49:08 | [[31merror[39m] : failed to get post of given index
12-02-22Y 21:49:08 | [[31merror[39m] : failed to delete post
12-02-22Y 21:49:42 | [[31merror[39m] : failed to create user
12-02-22Y 21:49:42 | [[31merror[39m] : this email already eixsts
12-02-22Y 21:49:42 | [[31merror[39m] : failed to hash password
12-02-22Y 21:49:42 | [[31merror[39m] : failed to create user
12-02-22Y 21:49:43 | [[31merror[39m] : the email: wrong@gmail.com doesn't exist
12-02-22Y 21:49:43 | [[31merror[39m] : auth failed
12-02-22Y 21:49:43 | [[31merror[39m] : auth failed error: data and hash arguments required
12-02-22Y 21:49:43 | [[31merror[39m] : failed to create post
12-02-22Y 21:49:43 | [[31merror[39m] : failed to get post of given index
12-02-22Y 21:49:43 | [[31merror[39m] : failed to delete post
12-02-22Y 21:50:15 | [[31merror[39m] : failed to create user
12-02-22Y 21:50:15 | [[31merror[39m] : this email already eixsts
12-02-22Y 21:50:15 | [[31merror[39m] : failed to hash password
12-02-22Y 21:50:15 | [[31merror[39m] : failed to create user
12-02-22Y 21:50:15 | [[31merror[39m] : the email: wrong@gmail.com doesn't exist
12-02-22Y 21:50:15 | [[31merror[39m] : auth failed
12-02-22Y 21:50:15 | [[31merror[39m] : auth failed error1: data and hash arguments required
12-02-22Y 21:50:15 | [[31merror[39m] : failed to create post
12-02-22Y 21:50:15 | [[31merror[39m] : failed to get post of given index
12-02-22Y 21:50:15 | [[31merror[39m] : failed to delete post
12-02-22Y 21:53:00 | [[31merror[39m] : failed to create user
12-02-22Y 21:53:00 | [[31merror[39m] : this email already eixsts
12-02-22Y 21:53:00 | [[31merror[39m] : failed to hash password
12-02-22Y 21:53:00 | [[31merror[39m] : failed to create user
12-02-22Y 21:53:00 | [[31merror[39m] : auth failed error: WHERE parameter "email" has invalid "undefined" value
12-02-22Y 21:53:00 | [[31merror[39m] : the email: wrong@gmail.com doesn't exist
12-02-22Y 21:53:00 | [[31merror[39m] : auth failed
12-02-22Y 21:53:00 | [[31merror[39m] : auth failed error: data and hash arguments required
12-02-22Y 21:53:00 | [[31merror[39m] : auth failed error: WHERE parameter "email" has invalid "undefined" value
12-02-22Y 21:53:00 | [[31merror[39m] : failed to create post
12-02-22Y 21:53:00 | [[31merror[39m] : failed to get post of given index
12-02-22Y 21:53:00 | [[31merror[39m] : failed to delete post
12-02-22Y 21:53:56 | [[31merror[39m] : failed to create user
12-02-22Y 21:53:56 | [[31merror[39m] : this email already eixsts
12-02-22Y 21:53:56 | [[31merror[39m] : failed to hash password
12-02-22Y 21:53:56 | [[31merror[39m] : failed to create user
12-02-22Y 21:53:56 | [[31merror[39m] : auth failed error_2: WHERE parameter "email" has invalid "undefined" value
12-02-22Y 21:53:56 | [[31merror[39m] : the email: wrong@gmail.com doesn't exist
12-02-22Y 21:53:57 | [[31merror[39m] : auth failed completely
12-02-22Y 21:53:57 | [[31merror[39m] : auth failed error_1: data and hash arguments required
12-02-22Y 21:53:57 | [[31merror[39m] : auth failed error_2: WHERE parameter "email" has invalid "undefined" value
12-02-22Y 21:53:57 | [[31merror[39m] : failed to create post
12-02-22Y 21:53:57 | [[31merror[39m] : failed to get post of given index
12-02-22Y 21:53:57 | [[31merror[39m] : failed to delete post
12-02-22Y 21:55:23 | [[31merror[39m] : failed to create user
12-02-22Y 21:55:23 | [[31merror[39m] : this email already eixsts
12-02-22Y 21:55:23 | [[31merror[39m] : failed to hash password
12-02-22Y 21:55:23 | [[31merror[39m] : failed to create user
12-02-22Y 21:55:23 | [[31merror[39m] : auth failed error_2: WHERE parameter "email" has invalid "undefined" value
12-02-22Y 21:55:23 | [[31merror[39m] : the email: wrong@gmail.com doesn't exist
12-02-22Y 21:55:23 | [[31merror[39m] : auth failed completely
12-02-22Y 21:55:23 | [[31merror[39m] : auth failed error_1: data and hash arguments required
12-02-22Y 21:55:23 | [[31merror[39m] : failed to create post
12-02-22Y 21:55:23 | [[31merror[39m] : failed to get post of given index
12-02-22Y 21:55:23 | [[31merror[39m] : failed to delete post
12-02-22Y 21:56:08 | [[31merror[39m] : failed to create user
12-02-22Y 21:56:08 | [[31merror[39m] : this email already eixsts
12-02-22Y 21:56:08 | [[31merror[39m] : failed to hash password
12-02-22Y 21:56:08 | [[31merror[39m] : failed to create user
12-02-22Y 21:56:08 | [[31merror[39m] : auth failed error_2: WHERE parameter "email" has invalid "undefined" value
12-02-22Y 21:56:08 | [[31merror[39m] : the email: wrong@gmail.com doesn't exist
12-02-22Y 21:56:08 | [[31merror[39m] : auth failed completely
12-02-22Y 21:56:08 | [[31merror[39m] : auth failed error_1: data and hash arguments required
12-02-22Y 21:56:08 | [[31merror[39m] : failed to create post
12-02-22Y 21:56:08 | [[31merror[39m] : failed to get post of given index
12-02-22Y 21:56:08 | [[31merror[39m] : failed to delete post
12-02-22Y 22:00:32 | [[31merror[39m] : failed to create user
12-02-22Y 22:00:32 | [[31merror[39m] : this email already eixsts
12-02-22Y 22:00:33 | [[31merror[39m] : failed to hash password
12-02-22Y 22:00:33 | [[31merror[39m] : failed to create user
12-02-22Y 22:00:33 | [[31merror[39m] : auth failed error_2: WHERE parameter "email" has invalid "undefined" value
12-02-22Y 22:00:33 | [[31merror[39m] : the email: wrong@gmail.com doesn't exist
12-02-22Y 22:00:33 | [[31merror[39m] : auth failed completely
12-02-22Y 22:00:33 | [[31merror[39m] : auth failed error_1: data and hash arguments required
12-02-22Y 22:00:33 | [[31merror[39m] : failed to create post
12-02-22Y 22:00:33 | [[31merror[39m] : failed to get post of given index
12-02-22Y 22:00:33 | [[31merror[39m] : failed to delete post
12-02-22Y 22:00:33 | [[31merror[39m] : failed to get comments
12-02-22Y 22:00:47 | [[31merror[39m] : failed to create user
12-02-22Y 22:00:47 | [[31merror[39m] : this email already eixsts
12-02-22Y 22:00:47 | [[31merror[39m] : failed to hash password
12-02-22Y 22:00:47 | [[31merror[39m] : failed to create user
12-02-22Y 22:00:47 | [[31merror[39m] : auth failed error_2: WHERE parameter "email" has invalid "undefined" value
12-02-22Y 22:00:47 | [[31merror[39m] : the email: wrong@gmail.com doesn't exist
12-02-22Y 22:00:47 | [[31merror[39m] : auth failed completely
12-02-22Y 22:00:47 | [[31merror[39m] : auth failed error_1: data and hash arguments required
12-02-22Y 22:00:47 | [[31merror[39m] : failed to create post
12-02-22Y 22:00:47 | [[31merror[39m] : failed to get post of given index
12-02-22Y 22:00:47 | [[31merror[39m] : failed to delete post
12-02-22Y 22:00:48 | [[31merror[39m] : failed to get comments
12-02-22Y 22:11:28 | [[31merror[39m] : failed to create user
12-02-22Y 22:11:28 | [[31merror[39m] : this email already eixsts
12-02-22Y 22:11:28 | [[31merror[39m] : failed to hash password
12-02-22Y 22:11:28 | [[31merror[39m] : failed to create user
12-02-22Y 22:11:28 | [[31merror[39m] : auth failed error_2: WHERE parameter "email" has invalid "undefined" value
12-02-22Y 22:11:28 | [[31merror[39m] : the email: wrong@gmail.com doesn't exist
12-02-22Y 22:11:28 | [[31merror[39m] : auth failed completely
12-02-22Y 22:11:28 | [[31merror[39m] : auth failed error_1: data and hash arguments required
12-02-22Y 22:11:28 | [[31merror[39m] : failed to create test post
12-02-22Y 22:11:28 | [[31merror[39m] : failed to create post
12-02-22Y 22:11:28 | [[31merror[39m] : failed to get post of given index
12-02-22Y 22:11:28 | [[31merror[39m] : failed to get post of given index
12-02-22Y 22:11:28 | [[31merror[39m] : failed to delete post
12-02-22Y 22:11:28 | [[31merror[39m] : failed to delete post
12-02-22Y 22:11:28 | [[31merror[39m] : failed to get comments
12-02-22Y 22:11:28 | [[31merror[39m] : failed to get comments
12-02-22Y 22:12:57 | [[31merror[39m] : failed to create user
12-02-22Y 22:12:57 | [[31merror[39m] : this email already eixsts
12-02-22Y 22:12:57 | [[31merror[39m] : failed to hash password
12-02-22Y 22:12:57 | [[31merror[39m] : failed to create user
12-02-22Y 22:12:58 | [[31merror[39m] : auth failed error_2: WHERE parameter "email" has invalid "undefined" value
12-02-22Y 22:12:58 | [[31merror[39m] : the email: wrong@gmail.com doesn't exist
12-02-22Y 22:12:58 | [[31merror[39m] : auth failed completely
12-02-22Y 22:12:58 | [[31merror[39m] : auth failed error_1: data and hash arguments required
12-02-22Y 22:12:58 | [[31merror[39m] : failed to create test post
12-02-22Y 22:12:58 | [[31merror[39m] : failed to create post
12-02-22Y 22:12:58 | [[31merror[39m] : failed to get post of given index
12-02-22Y 22:12:58 | [[31merror[39m] : failed to get post of given index
12-02-22Y 22:12:58 | [[31merror[39m] : failed to delete post
12-02-22Y 22:12:58 | [[31merror[39m] : failed to delete post
12-02-22Y 22:12:58 | [[31merror[39m] : failed to get comments
12-02-22Y 22:12:58 | [[31merror[39m] : failed to get comments
12-02-22Y 22:13:50 | [[31merror[39m] : failed to create user
12-02-22Y 22:13:50 | [[31merror[39m] : this email already eixsts
12-02-22Y 22:13:50 | [[31merror[39m] : failed to hash password
12-02-22Y 22:13:50 | [[31merror[39m] : failed to create user
12-02-22Y 22:13:50 | [[31merror[39m] : auth failed error_2: WHERE parameter "email" has invalid "undefined" value
12-02-22Y 22:13:50 | [[31merror[39m] : the email: wrong@gmail.com doesn't exist
12-02-22Y 22:13:50 | [[31merror[39m] : auth failed completely
12-02-22Y 22:13:50 | [[31merror[39m] : auth failed error_1: data and hash arguments required
12-02-22Y 22:13:50 | [[31merror[39m] : failed to create test post
12-02-22Y 22:13:50 | [[31merror[39m] : failed to create post
12-02-22Y 22:13:50 | [[31merror[39m] : failed to get post of given index
12-02-22Y 22:13:50 | [[31merror[39m] : failed to delete post
12-02-22Y 22:13:50 | [[31merror[39m] : failed to get comments
12-02-22Y 22:14:14 | [[31merror[39m] : failed to create user
12-02-22Y 22:14:14 | [[31merror[39m] : this email already eixsts
12-02-22Y 22:14:14 | [[31merror[39m] : failed to hash password
12-02-22Y 22:14:14 | [[31merror[39m] : failed to create user
12-02-22Y 22:14:15 | [[31merror[39m] : auth failed error_2: WHERE parameter "email" has invalid "undefined" value
12-02-22Y 22:14:15 | [[31merror[39m] : the email: wrong@gmail.com doesn't exist
12-02-22Y 22:14:15 | [[31merror[39m] : auth failed completely
12-02-22Y 22:14:15 | [[31merror[39m] : auth failed error_1: data and hash arguments required
12-02-22Y 22:14:15 | [[31merror[39m] : failed to create test post
12-02-22Y 22:14:15 | [[31merror[39m] : failed to create post
12-02-22Y 22:14:15 | [[31merror[39m] : failed to get post of given index
12-02-22Y 22:14:15 | [[31merror[39m] : failed to get post of given index
12-02-22Y 22:14:15 | [[31merror[39m] : failed to delete post
12-02-22Y 22:14:15 | [[31merror[39m] : failed to delete post
12-02-22Y 22:14:15 | [[31merror[39m] : failed to get comments
12-02-22Y 22:14:15 | [[31merror[39m] : failed to get comments
12-02-22Y 22:14:35 | [[31merror[39m] : failed to create user
12-02-22Y 22:14:35 | [[31merror[39m] : this email already eixsts
12-02-22Y 22:14:35 | [[31merror[39m] : failed to hash password
12-02-22Y 22:14:35 | [[31merror[39m] : failed to create user
12-02-22Y 22:14:35 | [[31merror[39m] : auth failed error_2: WHERE parameter "email" has invalid "undefined" value
12-02-22Y 22:14:35 | [[31merror[39m] : the email: wrong@gmail.com doesn't exist
12-02-22Y 22:14:36 | [[31merror[39m] : auth failed completely
12-02-22Y 22:14:36 | [[31merror[39m] : auth failed error_1: data and hash arguments required
12-02-22Y 22:14:36 | [[31merror[39m] : failed to create test postSequelizeValidationError: notNull Violation: user.role cannot be null
12-02-22Y 22:14:36 | [[31merror[39m] : failed to create post
12-02-22Y 22:14:36 | [[31merror[39m] : failed to get post of given index
12-02-22Y 22:14:36 | [[31merror[39m] : failed to get post of given index
12-02-22Y 22:14:36 | [[31merror[39m] : failed to delete post
12-02-22Y 22:14:36 | [[31merror[39m] : failed to delete post
12-02-22Y 22:14:36 | [[31merror[39m] : failed to get comments
12-02-22Y 22:14:36 | [[31merror[39m] : failed to get comments
12-02-22Y 22:15:52 | [[31merror[39m] : failed to create user
12-02-22Y 22:15:52 | [[31merror[39m] : this email already eixsts
12-02-22Y 22:15:52 | [[31merror[39m] : failed to hash password
12-02-22Y 22:15:52 | [[31merror[39m] : failed to create user
12-02-22Y 22:15:52 | [[31merror[39m] : auth failed error_2: WHERE parameter "email" has invalid "undefined" value
12-02-22Y 22:15:52 | [[31merror[39m] : the email: wrong@gmail.com doesn't exist
12-02-22Y 22:15:52 | [[31merror[39m] : auth failed completely
12-02-22Y 22:15:52 | [[31merror[39m] : auth failed error_1: data and hash arguments required
12-02-22Y 22:15:52 | [[31merror[39m] : failed to create post
12-02-22Y 22:15:52 | [[31merror[39m] : failed to get post of given index
12-02-22Y 22:15:52 | [[31merror[39m] : failed to delete post
12-02-22Y 22:15:52 | [[31merror[39m] : failed to get comments
12-02-22Y 22:18:39 | [[31merror[39m] : failed to create user
12-02-22Y 22:18:39 | [[31merror[39m] : this email already eixsts
12-02-22Y 22:18:40 | [[31merror[39m] : failed to hash password
12-02-22Y 22:18:40 | [[31merror[39m] : failed to create user
12-02-22Y 22:18:40 | [[31merror[39m] : auth failed error_2: WHERE parameter "email" has invalid "undefined" value
12-02-22Y 22:18:40 | [[31merror[39m] : the email: wrong@gmail.com doesn't exist
12-02-22Y 22:18:40 | [[31merror[39m] : auth failed completely
12-02-22Y 22:18:40 | [[31merror[39m] : auth failed error_1: data and hash arguments required
12-02-22Y 22:18:40 | [[31merror[39m] : failed to create test postSequelizeValidationError: notNull Violation: user.role cannot be null
12-02-22Y 22:18:40 | [[31merror[39m] : failed to create post
12-02-22Y 22:18:40 | [[31merror[39m] : failed to get post of given index
12-02-22Y 22:18:40 | [[31merror[39m] : failed to delete post
12-02-22Y 22:18:40 | [[31merror[39m] : failed to get comments
12-02-22Y 22:20:24 | [[31merror[39m] : failed to create user
12-02-22Y 22:20:24 | [[31merror[39m] : this email already eixsts
12-02-22Y 22:20:24 | [[31merror[39m] : failed to hash password
12-02-22Y 22:20:24 | [[31merror[39m] : failed to create user
12-02-22Y 22:20:25 | [[31merror[39m] : auth failed error_2: WHERE parameter "email" has invalid "undefined" value
12-02-22Y 22:20:25 | [[31merror[39m] : the email: wrong@gmail.com doesn't exist
12-02-22Y 22:20:25 | [[31merror[39m] : auth failed completely
12-02-22Y 22:20:25 | [[31merror[39m] : auth failed error_1: data and hash arguments required
12-02-22Y 22:20:25 | [[31merror[39m] : failed to create post
12-02-22Y 22:20:25 | [[31merror[39m] : failed to get post of given index
12-02-22Y 22:20:25 | [[31merror[39m] : failed to delete post
12-02-22Y 22:20:25 | [[31merror[39m] : failed to get comments
12-02-22Y 22:25:43 | [[31merror[39m] : failed to create user
12-02-22Y 22:25:43 | [[31merror[39m] : this email already eixsts
12-02-22Y 22:25:43 | [[31merror[39m] : failed to hash password
12-02-22Y 22:25:43 | [[31merror[39m] : failed to create user
12-02-22Y 22:25:43 | [[31merror[39m] : auth failed error_2: WHERE parameter "email" has invalid "undefined" value
12-02-22Y 22:25:43 | [[31merror[39m] : the email: wrong@gmail.com doesn't exist
12-02-22Y 22:25:43 | [[31merror[39m] : auth failed completely
12-02-22Y 22:25:43 | [[31merror[39m] : auth failed error_1: data and hash arguments required
12-02-22Y 22:25:43 | [[31merror[39m] : failed to create post
12-02-22Y 22:25:43 | [[31merror[39m] : failed to get post of given index
12-02-22Y 22:25:43 | [[31merror[39m] : failed to delete post
12-02-22Y 22:25:44 | [[31merror[39m] : failed to get comments
12-02-22Y 22:26:08 | [[31merror[39m] : failed to create user
12-02-22Y 22:26:08 | [[31merror[39m] : this email already eixsts
12-02-22Y 22:26:08 | [[31merror[39m] : failed to hash password
12-02-22Y 22:26:08 | [[31merror[39m] : failed to create user
12-02-22Y 22:26:08 | [[31merror[39m] : auth failed error_2: WHERE parameter "email" has invalid "undefined" value
12-02-22Y 22:26:08 | [[31merror[39m] : the email: wrong@gmail.com doesn't exist
12-02-22Y 22:26:08 | [[31merror[39m] : auth failed completely
12-02-22Y 22:26:08 | [[31merror[39m] : auth failed error_1: data and hash arguments required
12-02-22Y 22:26:08 | [[31merror[39m] : failed to create post
12-02-22Y 22:26:08 | [[31merror[39m] : failed to get post of given index
12-02-22Y 22:26:08 | [[31merror[39m] : failed to delete post
12-02-22Y 22:26:08 | [[31merror[39m] : failed to get comments
12-02-22Y 22:27:32 | [[31merror[39m] : failed to create user
12-02-22Y 22:27:32 | [[31merror[39m] : this email already eixsts
12-02-22Y 22:27:32 | [[31merror[39m] : failed to hash password
12-02-22Y 22:27:32 | [[31merror[39m] : failed to create user
12-02-22Y 22:27:32 | [[31merror[39m] : auth failed error_2: WHERE parameter "email" has invalid "undefined" value
12-02-22Y 22:27:32 | [[31merror[39m] : the email: wrong@gmail.com doesn't exist
12-02-22Y 22:27:32 | [[31merror[39m] : auth failed completely
12-02-22Y 22:27:32 | [[31merror[39m] : auth failed error_1: data and hash arguments required
12-02-22Y 22:27:33 | [[31merror[39m] : failed to create post
12-02-22Y 22:27:33 | [[31merror[39m] : failed to get post of given index
12-02-22Y 22:27:33 | [[31merror[39m] : failed to delete post
12-02-22Y 22:27:33 | [[31merror[39m] : failed to create comment
12-02-22Y 22:27:33 | [[31merror[39m] : failed to get comments
12-02-22Y 22:27:46 | [[31merror[39m] : failed to create user
12-02-22Y 22:27:46 | [[31merror[39m] : this email already eixsts
12-02-22Y 22:27:46 | [[31merror[39m] : failed to hash password
12-02-22Y 22:27:46 | [[31merror[39m] : failed to create user
12-02-22Y 22:27:47 | [[31merror[39m] : auth failed error_2: WHERE parameter "email" has invalid "undefined" value
12-02-22Y 22:27:47 | [[31merror[39m] : the email: wrong@gmail.com doesn't exist
12-02-22Y 22:27:47 | [[31merror[39m] : auth failed completely
12-02-22Y 22:27:47 | [[31merror[39m] : auth failed error_1: data and hash arguments required
12-02-22Y 22:27:47 | [[31merror[39m] : failed to create post
12-02-22Y 22:27:47 | [[31merror[39m] : failed to get post of given index
12-02-22Y 22:27:47 | [[31merror[39m] : failed to delete post
12-02-22Y 22:27:47 | [[31merror[39m] : failed to create comment
12-02-22Y 22:27:47 | [[31merror[39m] : failed to get comments
12-02-22Y 22:31:04 | [[31merror[39m] : failed to create user
12-02-22Y 22:31:04 | [[31merror[39m] : this email already eixsts
12-02-22Y 22:31:05 | [[31merror[39m] : failed to hash password
12-02-22Y 22:31:05 | [[31merror[39m] : failed to create user
12-02-22Y 22:31:05 | [[31merror[39m] : auth failed error_2: WHERE parameter "email" has invalid "undefined" value
12-02-22Y 22:31:05 | [[31merror[39m] : the email: wrong@gmail.com doesn't exist
12-02-22Y 22:31:05 | [[31merror[39m] : auth failed completely
12-02-22Y 22:31:05 | [[31merror[39m] : auth failed error_1: data and hash arguments required
12-02-22Y 22:31:05 | [[31merror[39m] : failed to create post
12-02-22Y 22:31:05 | [[31merror[39m] : failed to get post of given index
12-02-22Y 22:31:05 | [[31merror[39m] : failed to delete post
12-02-22Y 22:31:05 | [[31merror[39m] : failed to create comment
12-02-22Y 22:31:05 | [[31merror[39m] : failed to get comments
12-02-22Y 22:31:19 | [[31merror[39m] : failed to create user
12-02-22Y 22:31:19 | [[31merror[39m] : this email already eixsts
12-02-22Y 22:31:19 | [[31merror[39m] : failed to hash password
12-02-22Y 22:31:19 | [[31merror[39m] : failed to create user
12-02-22Y 22:31:19 | [[31merror[39m] : auth failed error_2: WHERE parameter "email" has invalid "undefined" value
12-02-22Y 22:31:19 | [[31merror[39m] : the email: wrong@gmail.com doesn't exist
12-02-22Y 22:31:19 | [[31merror[39m] : auth failed completely
12-02-22Y 22:31:19 | [[31merror[39m] : auth failed error_1: data and hash arguments required
12-02-22Y 22:31:20 | [[31merror[39m] : failed to create post
12-02-22Y 22:31:20 | [[31merror[39m] : failed to get post of given index
12-02-22Y 22:31:20 | [[31merror[39m] : failed to delete post
12-02-22Y 22:31:20 | [[31merror[39m] : failed to create comment
12-02-22Y 22:31:20 | [[31merror[39m] : failed to get comments
23-02-22Y 10:11:48 | [[31merror[39m] : failed to create post
23-02-22Y 10:12:24 | [[31merror[39m] : failed to create post
23-02-22Y 10:13:41 | [[31merror[39m] : failed to create post
24-02-22Y 14:43:54 | [[31merror[39m] : failed to create post
24-02-22Y 21:34:54 | [[31merror[39m] : failed to get comments
24-02-22Y 22:07:10 | [[31merror[39m] : failed to create comment
24-02-22Y 22:08:28 | [[31merror[39m] : failed to create comment
24-02-22Y 22:12:59 | [[31merror[39m] : failed to create comment
24-02-22Y 22:16:14 | [[31merror[39m] : failed to create comment
24-02-22Y 22:16:54 | [[31merror[39m] : failed to create comment
25-02-22Y 07:22:43 | [[31merror[39m] : failed to get posts
25-02-22Y 07:29:42 | [[31merror[39m] : failed to create post
25-02-22Y 07:29:48 | [[31merror[39m] : failed to create post
25-02-22Y 07:29:55 | [[31merror[39m] : failed to create post
25-02-22Y 07:29:59 | [[31merror[39m] : failed to create post
25-02-22Y 07:52:19 | [[31merror[39m] : failed to get post of given index
25-02-22Y 07:52:40 | [[31merror[39m] : failed to get post of given index
25-02-22Y 22:29:52 | [[31merror[39m] : the email:  doesn't exist
04-04-22Y 10:10:43 | [[31merror[39m] : failed to get post of given index
04-04-22Y 10:10:47 | [[31merror[39m] : failed to get post of given index
05-04-22Y 00:05:52 | [[31merror[39m] : auth failed completely
07-04-22Y 23:10:22 | [[31merror[39m] : failed to create user
14-04-22Y 06:15:15 | [[31merror[39m] : failed to create post
15-04-22Y 08:35:55 | [[31merror[39m] : auth failed completely
15-04-22Y 08:36:00 | [[31merror[39m] : auth failed completely
16-04-22Y 09:37:54 | [[31merror[39m] : auth failed error_2: WHERE parameter "email" has invalid "undefined" value
16-04-22Y 09:37:59 | [[31merror[39m] : auth failed error_2: WHERE parameter "email" has invalid "undefined" value
16-04-22Y 09:41:26 | [[31merror[39m] : auth failed error_2: WHERE parameter "email" has invalid "undefined" value
16-04-22Y 09:41:27 | [[31merror[39m] : auth failed error_2: WHERE parameter "email" has invalid "undefined" value
16-04-22Y 09:41:47 | [[31merror[39m] : auth failed error_2: WHERE parameter "email" has invalid "undefined" value
16-04-22Y 10:07:27 | [[31merror[39m] : auth failed error_2: WHERE parameter "email" has invalid "undefined" value
16-04-22Y 10:10:02 | [[31merror[39m] : auth failed error_2: WHERE parameter "email" has invalid "undefined" value
16-04-22Y 10:14:26 | [[31merror[39m] : auth failed error_2: WHERE parameter "email" has invalid "undefined" value
16-04-22Y 10:19:13 | [[31merror[39m] : failed to create post
16-04-22Y 10:19:18 | [[31merror[39m] : failed to create post
16-04-22Y 10:19:28 | [[31merror[39m] : failed to create post
16-04-22Y 10:23:35 | [[31merror[39m] : failed to create post
16-04-22Y 10:23:54 | [[31merror[39m] : failed to create post
16-04-22Y 10:25:40 | [[31merror[39m] : failed to create post
16-04-22Y 10:31:24 | [[31merror[39m] : failed to create post
16-04-22Y 11:43:43 | [[31merror[39m] : failed to create user
16-04-22Y 11:43:46 | [[31merror[39m] : failed to create user
16-04-22Y 11:43:52 | [[31merror[39m] : failed to create user
16-04-22Y 11:43:54 | [[31merror[39m] : failed to create user
16-04-22Y 11:44:11 | [[31merror[39m] : failed to create user
16-04-22Y 11:44:20 | [[31merror[39m] : auth failed error_2: WHERE parameter "email" has invalid "undefined" value
16-04-22Y 11:44:24 | [[31merror[39m] : failed to create user
16-04-22Y 11:44:29 | [[31merror[39m] : auth failed error_2: WHERE parameter "email" has invalid "undefined" value
16-04-22Y 11:45:49 | [[31merror[39m] : failed to create user
16-04-22Y 11:45:52 | [[31merror[39m] : failed to create user
16-04-22Y 11:45:55 | [[31merror[39m] : auth failed error_2: WHERE parameter "email" has invalid "undefined" value
16-04-22Y 11:45:58 | [[31merror[39m] : auth failed error_2: WHERE parameter "email" has invalid "undefined" value
16-04-22Y 11:46:03 | [[31merror[39m] : failed to create user
16-04-22Y 11:46:07 | [[31merror[39m] : failed to create user
16-04-22Y 11:47:12 | [[31merror[39m] : auth failed error_2: WHERE parameter "email" has invalid "undefined" value
16-04-22Y 11:54:04 | [[31merror[39m] : auth failed error_2: WHERE parameter "email" has invalid "undefined" value
16-04-22Y 11:54:08 | [[31merror[39m] : failed to create user
17-04-22Y 02:04:36 | [[31merror[39m] : auth failed completely
17-04-22Y 02:04:44 | [[31merror[39m] : auth failed completely
17-04-22Y 02:08:55 | [[31merror[39m] : the email: admin@gamil.com doesn't exist
17-04-22Y 02:09:05 | [[31merror[39m] : the email: admin@gamil.com doesn't exist
17-04-22Y 02:11:39 | [[31merror[39m] : auth failed completely
18-04-22Y 06:38:50 | [[31merror[39m] : failed to create post
18-04-22Y 16:38:32 | [[31merror[39m] : failed to create post
20-04-22Y 08:36:58 | [[31merror[39m] : failed to create post
22-04-22Y 23:55:26 | [[31merror[39m] : failed to create post
22-04-22Y 23:56:07 | [[31merror[39m] : failed to create post
22-04-22Y 23:57:07 | [[31merror[39m] : failed to create post Must supply api_key
22-04-22Y 23:58:34 | [[31merror[39m] : failed to create post Must supply api_key
23-04-22Y 00:00:08 | [[31merror[39m] : failed to create post Must supply api_key
23-04-22Y 00:00:57 | [[31merror[39m] : failed to create post Must supply api_key
23-04-22Y 00:02:01 | [[31merror[39m] : failed to create post Must supply api_key
23-04-22Y 00:03:24 | [[31merror[39m] : failed to create post Must supply api_key
23-04-22Y 00:03:31 | [[31merror[39m] : failed to create post Must supply api_key
23-04-22Y 00:05:04 | [[31merror[39m] : failed to create post Must supply api_key
23-04-22Y 00:06:22 | [[31merror[39m] : failed to create post ReferenceError: image is not defined
23-04-22Y 00:08:32 | [[31merror[39m] : failed to create post ReferenceError: image is not defined
23-04-22Y 00:09:30 | [[31merror[39m] : failed to create post Must supply api_key
23-04-22Y 00:09:50 | [[31merror[39m] : failed to create post Must supply api_key
23-04-22Y 00:13:59 | [[31merror[39m] : failed to create post Must supply api_key
23-04-22Y 00:42:25 | [[31merror[39m] : failed to create post Must supply api_key
23-04-22Y 00:42:59 | [[31merror[39m] : failed to create post Must supply api_key
23-04-22Y 00:43:25 | [[31merror[39m] : failed to create post Must supply api_key
23-04-22Y 00:45:07 | [[31merror[39m] : failed to create post Must supply api_key
23-04-22Y 00:46:50 | [[31merror[39m] : failed to create post Must supply api_key
23-04-22Y 00:46:52 | [[31merror[39m] : failed to create post Must supply api_key
23-04-22Y 00:46:54 | [[31merror[39m] : failed to create post Must supply api_key
23-04-22Y 00:52:05 | [[31merror[39m] : failed to create post [object Object]
